Arguments: 
  /Users/zoltanszogyenyi/.nvm/versions/node/v14.17.3/bin/node /Users/zoltanszogyenyi/.nvm/versions/node/v14.17.3/bin/yarn install

PATH: 
  /Users/zoltanszogyenyi/.nvm/versions/node/v14.17.3/bin:/usr/local/bin:/usr/bin:/bin:/usr/sbin:/sbin:/Library/Apple/usr/bin

Yarn version: 
  1.22.10

Node version: 
  14.17.3

Platform: 
  darwin x64

Trace: 
  SyntaxError: /Users/zoltanszogyenyi/Projects/bergside/flowbite.design.docs/package.json: Unexpected token } in JSON at position 2150
      at JSON.parse (<anonymous>)
      at /Users/zoltanszogyenyi/.nvm/versions/node/v14.17.3/lib/node_modules/yarn/lib/cli.js:1625:59
      at Generator.next (<anonymous>)
      at step (/Users/zoltanszogyenyi/.nvm/versions/node/v14.17.3/lib/node_modules/yarn/lib/cli.js:310:30)
      at /Users/zoltanszogyenyi/.nvm/versions/node/v14.17.3/lib/node_modules/yarn/lib/cli.js:321:13

npm manifest: 
  {
    "name": "@themesberg/flowbite",
    "version": "1.0.6",
    "description": "Open-source library of Tailwind CSS components and elements.",
    "keywords": [
      "tailwind",
      "tailwind components",
      "tailwind elements",
      "tailwind library",
      "tailwind sections",
      "tailwind css"
    ],
    "license": "MIT",
    "style": "dist/flowbite.css",
    "main": "dist/flowbite.bundle.js",
    "homepage": "https://flowbite.com/docs/getting-started/introduction/",
    "contributors": [
      "Zoltán Szőgyényi <zoltan@themesberg.com>",
      "Robert Tanislav <robert@themesberg.com>"
    ],
    "scripts": {
      "start": "NODE_ENV=development run-p start:*",
      "start:hugo": "hugo server -D",
      "start:webpack": "webpack --mode=development --watch",
      "build": "NODE_ENV=production && HUGO_ENV=production && run-s build:webpack build:hugo",
      "build:hugo": "hugo",
      "build:webpack": "webpack --mode=production",
      "build:css:min": "NPM_ENV=production npx postcss src/flowbite.css  > dist/flowbite.min.css",
      "build:css": "NPM_ENV=development npx postcss src/flowbite.css  > dist/flowbite.css",
      "build:js": "run-s build:webpack && copyfiles --flat static/flowbite.bundle.js dist && copyfiles --flat static/flowbite.bundle.js.map dist",
      "build:npm": "run-s build:css:min build:css build:js"
    },
    "devDependencies": {
      "@babel/core": "^7.14.8",
      "@babel/preset-env": "^7.14.8",
      "autoprefixer": "^10.3.3",
      "babel-loader": "^8.2.2",
      "copyfiles": "^2.4.1",
      "core-js": "^3.8.1",
      "css-loader": "^5.2.7",
      "css-minimizer-webpack-plugin": "^3.0.2",
      "cssnano": "^5.0.8",
      "file-loader": "^6.2.0",
      "mini-css-extract-plugin": "^1.3.3",
      "npm-run-all": "^4.1.5",
      "postcss": "^8.3.6",
      "postcss-cli": "^8.3.1",
      "postcss-loader": "^4.3.0",
      "postcss-preset-env": "^6.7.0",
      "prismjs": "^1.24.1",
      "sass": "^1.30.0",
      "sass-loader": "^10.1.0",
      "source-map-loader": "^2.0.0",
      "style-loader": "^2.0.0",
      "tailwindcss": "^2.2.9",
      "webpack": "^5.47.0",
      "webpack-cli": "^4.7.2",
      "webpack-dev-server": "^3.11.2",
      "yarn": "^1.22.10",
      "mini-svg-data-uri": "^1.2.3",
    },
    "dependencies": {
      "@popperjs/core": "^2.9.3",
      "@themesberg/tailwind-datepicker": "^1.0.1",
      "tippy.js": "^6.3.1"
    }
  }

yarn manifest: 
  No manifest

Lockfile: 
  No lockfile
